date: "2015-02-28 01:20:44.383"
argv: node /usr/local/bin/hexo g
os: Linux 3.13.0-32-generic linux x64
versions:
  http_parser: "1.0"
  node: 0.10.25
  v8: 3.14.5.9
  ares: 1.10.0
  uv: 0.10.23
  zlib: 1.2.8
  modules: "11"
  openssl: 1.0.1f
  hexo: 2.8.3
---
[debug] 01:20:43.740 Config file loaded from /root/tiger/_config.yml[debug] 01:20:43.743 Version info checked successfully[debug] 01:20:43.823 Processed: draft.md (3ms)[debug] 01:20:43.823 Processed: page.md (2ms)[debug] 01:20:43.824 Processed: photo.md (3ms)[debug] 01:20:43.825 Processed: post.md (3ms)[debug] 01:20:43.854 Plugin loaded successfully: hexo-renderer-ejs[debug] 01:20:43.875 Plugin loaded successfully: hexo-renderer-marked[debug] 01:20:44.036 Plugin loaded successfully: hexo-renderer-stylus[debug] 01:20:44.350 Processed: source/fancybox/blank.gif (1ms)[debug] 01:20:44.350 Processed: source/fancybox/fancybox_loading.gif (0ms)[debug] 01:20:44.350 Processed: source/fancybox/fancybox_overlay.png (0ms)[debug] 01:20:44.351 Processed: source/fancybox/fancybox_sprite.png (1ms)[debug] 01:20:44.351 Processed: source/fancybox/jquery.fancybox.css (0ms)[debug] 01:20:44.351 Processed: source/fancybox/jquery.fancybox.pack.js (0ms)[debug] 01:20:44.351 Processed: source/js/gallery.js (0ms)[debug] 01:20:44.352 Processed: source/js/jquery.imagesloaded.min.js (1ms)[debug] 01:20:44.352 Processed: source/js/moment.min.js (0ms)[debug] 01:20:44.352 Processed: source/js/scale.fix.js (0ms)[debug] 01:20:44.352 Processed: source/css/style.styl (0ms)[debug] 01:20:44.352 Processed: source/css/_base/layout.styl (0ms)[debug] 01:20:44.353 Processed: source/css/_base/variable.styl (1ms)[debug] 01:20:44.353 Processed: source/css/_partial/archive.styl (0ms)[debug] 01:20:44.353 Processed: source/css/_partial/article.styl (0ms)[debug] 01:20:44.353 Processed: source/css/_partial/comment.styl (0ms)[debug] 01:20:44.353 Processed: source/css/_partial/footer.styl (0ms)[debug] 01:20:44.353 Processed: source/css/_partial/header.styl (0ms)[debug] 01:20:44.353 Processed: source/css/_partial/index.styl (0ms)[debug] 01:20:44.354 Processed: source/css/_partial/syntax.styl (1ms)[debug] 01:20:44.354 Processed: source/css/fonts/FontAwesome.otf (0ms)[debug] 01:20:44.354 Processed: source/css/fonts/fontawesome-webfont.eot (0ms)[debug] 01:20:44.355 Processed: source/css/fonts/fontawesome-webfont.svg (1ms)[debug] 01:20:44.355 Processed: source/css/fonts/fontawesome-webfont.ttf (0ms)[debug] 01:20:44.355 Processed: source/css/fonts/fontawesome-webfont.woff (0ms)[debug] 01:20:44.355 Processed: source/css/images/checker.png (0ms)[debug] 01:20:44.367 Processed: about/index.md (315ms)[debug] 01:20:44.368 Processed: layout/index.ejs (23ms)[debug] 01:20:44.368 Processed: layout/archive.ejs (24ms)[debug] 01:20:44.368 Processed: layout/layout.ejs (23ms)[debug] 01:20:44.368 Processed: layout/page.ejs (23ms)[debug] 01:20:44.368 Processed: layout/post.ejs (23ms)[debug] 01:20:44.368 Processed: layout/tag.ejs (22ms)[debug] 01:20:44.368 Processed: layout/_partial/after-footer.ejs (22ms)[debug] 01:20:44.368 Processed: layout/_partial/archive-post.ejs (22ms)[debug] 01:20:44.368 Processed: layout/_partial/archive.ejs (22ms)[debug] 01:20:44.368 Processed: layout/_partial/article.ejs (22ms)[debug] 01:20:44.368 Processed: layout/_partial/comment.ejs (21ms)[debug] 01:20:44.368 Processed: layout/_partial/comment.ejs_bak (21ms)[debug] 01:20:44.369 Processed: layout/_partial/footer.ejs (22ms)[debug] 01:20:44.369 Processed: layout/_partial/google-analytics.ejs (22ms)[debug] 01:20:44.369 Processed: layout/_partial/head.ejs (22ms)[debug] 01:20:44.369 Processed: layout/_partial/header.ejs (22ms)[debug] 01:20:44.369 Processed: layout/_partial/pagination.ejs (22ms)[debug] 01:20:44.369 Processed: layout/_partial/post/category.ejs (21ms)[debug] 01:20:44.369 Processed: layout/_partial/post/date.ejs (21ms)[debug] 01:20:44.369 Processed: layout/_partial/post/gallery.ejs (21ms)[debug] 01:20:44.369 Processed: layout/_partial/post/tag.ejs (21ms)[debug] 01:20:44.369 Processed: layout/_partial/post/title.ejs (20ms)[debug] 01:20:44.370 Processed: _posts/Markdown-以写代码的思维写文档.markdown (318ms)[debug] 01:20:44.370 Processed: _posts/Hexo笔记.markdown (319ms)[error] 01:20:44.372 { name: 'HexoError',
  reason: 'can not read a block mapping entry; a multiline key may not be an implicit key',
  mark: 
   { name: null,
     buffer: 'menu:\n  Home: /\n  Archives: /archives\n  About: /about\n\narchive_date_format: MMM DD\nfancybox: true\n\nduoshuo_shortname:shannowu\n\ngoogle_analytics:\nfavicon: /favicon.ico\n\u0000',
     position: 143,
     line: 10,
     column: 16 },
  message: 'Process failed: _config.yml',
  domain: 
   { domain: null,
     _events: { error: [Function] },
     _maxListeners: 10,
     members: [ [Object] ] },
  domainThrown: true,
  stack: undefined }[debug] 01:20:44.381 Processed: _posts/Ceph-消息处理机制.markdown (331ms)[debug] 01:20:44.382 Processed: languages/default.yml (38ms)[debug] 01:20:44.383 Processed: languages/zh-CN.yml (39ms)